action: lint, msg: envreport
cwd: /home/crodriguez/Projects/metallb-bundle
cmd: /home/crodriguez/Projects/metallb-bundle/.tox/lint/bin/python -m pip freeze
appdirs==1.4.3
CacheControl==0.12.6
certifi==2019.11.28
chardet==3.0.4
colorama==0.4.3
contextlib2==0.6.0
distlib==0.3.0
distro==1.4.0
flake8==3.8.3
flake8-colors==0.1.6
flake8-docstrings==1.5.0
flake8-import-order==0.18.1
flake8-polyfill==1.0.2
html5lib==1.0.1
idna==2.8
ipaddr==2.2.0
lockfile==0.12.2
mccabe==0.6.1
msgpack==0.6.2
packaging==20.3
pep517==0.8.2
pep8-naming==0.11.1
progress==1.5
pycodestyle==2.6.0
pydocstyle==5.1.1
pyflakes==2.2.0
pyparsing==2.4.6
pytoml==0.1.21
requests==2.22.0
retrying==1.3.3
six==1.14.0
snowballstemmer==2.0.0
urllib3==1.25.8
webencodings==0.5.1
