action: lint, msg: getenv
cwd: /home/crodriguez/Projects/metallb-bundle
cmd: /home/crodriguez/Projects/metallb-bundle/.tox/lint/bin/python -m pip install flake8 flake8-docstrings flake8-import-order pep8-naming flake8-colors
Collecting flake8
  Using cached flake8-3.8.3-py2.py3-none-any.whl (72 kB)
Collecting flake8-docstrings
  Using cached flake8_docstrings-1.5.0-py2.py3-none-any.whl (5.5 kB)
Collecting flake8-import-order
  Using cached flake8_import_order-0.18.1-py2.py3-none-any.whl (15 kB)
Collecting pep8-naming
  Using cached pep8_naming-0.11.1-py2.py3-none-any.whl (8.4 kB)
Processing /home/crodriguez/.cache/pip/wheels/4d/b2/dc/118d7311f8e27125908e5d4a14aac7d3cb9852e6f2c0124a3b/flake8_colors-0.1.6-py3-none-any.whl
Collecting pycodestyle<2.7.0,>=2.6.0a1
  Using cached pycodestyle-2.6.0-py2.py3-none-any.whl (41 kB)
Collecting mccabe<0.7.0,>=0.6.0
  Using cached mccabe-0.6.1-py2.py3-none-any.whl (8.6 kB)
Collecting pyflakes<2.3.0,>=2.2.0
  Using cached pyflakes-2.2.0-py2.py3-none-any.whl (66 kB)
Collecting pydocstyle>=2.1
  Downloading pydocstyle-5.1.1-py3-none-any.whl (35 kB)
Requirement already satisfied: setuptools in ./.tox/lint/lib/python3.8/site-packages (from flake8-import-order) (44.0.0)
Collecting flake8-polyfill<2,>=1.0.2
  Using cached flake8_polyfill-1.0.2-py2.py3-none-any.whl (7.3 kB)
Collecting snowballstemmer
  Using cached snowballstemmer-2.0.0-py2.py3-none-any.whl (97 kB)
Installing collected packages: pycodestyle, mccabe, pyflakes, flake8, snowballstemmer, pydocstyle, flake8-docstrings, flake8-import-order, flake8-polyfill, pep8-naming, flake8-colors
Successfully installed flake8-3.8.3 flake8-colors-0.1.6 flake8-docstrings-1.5.0 flake8-import-order-0.18.1 flake8-polyfill-1.0.2 mccabe-0.6.1 pep8-naming-0.11.1 pycodestyle-2.6.0 pydocstyle-5.1.1 pyflakes-2.2.0 snowballstemmer-2.0.0
